
================================================================
======== txAdmin starting - 06/05/2021, 19:59:30
================================================================
[20:03:05][127.0.0.1][Adam_Piper] Changing global settings via setup stepper and started Deployer.
[20:03:23][127.0.0.1][Adam_Piper] Setting recipe.
[20:08:57][127.0.0.1][Adam_Piper] Running recipe.
[20:09:33][127.0.0.1][Adam_Piper] Configured server.cfg from deployer.
[20:09:33][127.0.0.1][Adam_Piper] Completed and committed server deploy.
[20:53:01][127.0.0.1][Adam_Piper] STOP SERVER

================================================================
======== txAdmin starting - 06/05/2021, 21:59:59
================================================================

================================================================
======== txAdmin starting - 06/05/2021, 22:02:18
================================================================

================================================================
======== txAdmin starting - 06/05/2021, 22:11:19
================================================================

================================================================
======== txAdmin starting - 06/05/2021, 22:40:57
================================================================

================================================================
======== txAdmin starting - 06/05/2021, 23:01:48
================================================================

================================================================
======== txAdmin starting - 07/05/2021, 17:15:30
================================================================

================================================================
======== txAdmin starting - 07/05/2021, 17:41:03
================================================================

================================================================
======== txAdmin starting - 07/05/2021, 17:43:30
================================================================

================================================================
======== txAdmin starting - 07/05/2021, 17:49:52
================================================================

================================================================
======== txAdmin starting - 07/05/2021, 17:55:42
================================================================

================================================================
======== txAdmin starting - 07/05/2021, 18:10:47
================================================================

================================================================
======== txAdmin starting - 07/05/2021, 18:15:32
================================================================

================================================================
======== txAdmin starting - 07/05/2021, 18:17:12
================================================================

================================================================
======== txAdmin starting - 07/05/2021, 18:24:33
================================================================

================================================================
======== txAdmin starting - 07/05/2021, 18:50:30
================================================================

================================================================
======== txAdmin starting - 07/05/2021, 19:48:25
================================================================

================================================================
======== txAdmin starting - 07/05/2021, 19:49:14
================================================================

================================================================
======== txAdmin starting - 07/05/2021, 21:00:49
================================================================

================================================================
======== txAdmin starting - 07/05/2021, 23:03:58
================================================================

================================================================
======== txAdmin starting - 08/05/2021, 00:06:10
================================================================

================================================================
======== txAdmin starting - 08/05/2021, 10:29:28
================================================================

================================================================
======== txAdmin starting - 08/05/2021, 11:20:47
================================================================

================================================================
======== txAdmin starting - 08/05/2021, 11:39:01
================================================================

================================================================
======== txAdmin starting - 08/05/2021, 12:48:57
================================================================

================================================================
======== txAdmin starting - 08/05/2021, 13:08:06
================================================================

================================================================
======== txAdmin starting - 08/05/2021, 13:10:57
================================================================

================================================================
======== txAdmin starting - 08/05/2021, 13:12:37
================================================================

================================================================
======== txAdmin starting - 08/05/2021, 13:24:00
================================================================

================================================================
======== txAdmin starting - 08/05/2021, 13:39:06
================================================================

================================================================
======== txAdmin starting - 08/05/2021, 13:43:53
================================================================

================================================================
======== txAdmin starting - 08/05/2021, 13:45:17
================================================================

================================================================
======== txAdmin starting - 08/05/2021, 13:46:24
================================================================

================================================================
======== txAdmin starting - 08/05/2021, 15:07:48
================================================================

================================================================
======== txAdmin starting - 08/05/2021, 15:36:46
================================================================

================================================================
======== txAdmin starting - 08/05/2021, 16:44:55
================================================================

================================================================
======== txAdmin starting - 08/05/2021, 19:55:01
================================================================

================================================================
======== txAdmin starting - 08/05/2021, 20:22:57
================================================================

================================================================
======== txAdmin starting - 09/05/2021, 12:16:59
================================================================

================================================================
======== txAdmin starting - 09/05/2021, 12:19:59
================================================================

================================================================
======== txAdmin starting - 09/05/2021, 13:31:07
================================================================

================================================================
======== txAdmin starting - 09/05/2021, 14:53:51
================================================================

================================================================
======== txAdmin starting - 09/05/2021, 15:10:57
================================================================

================================================================
======== txAdmin starting - 09/05/2021, 15:11:44
================================================================

================================================================
======== txAdmin starting - 09/05/2021, 15:18:08
================================================================

================================================================
======== txAdmin starting - 09/05/2021, 15:50:26
================================================================

================================================================
======== txAdmin starting - 09/05/2021, 17:06:02
================================================================

================================================================
======== txAdmin starting - 09/05/2021, 19:52:11
================================================================

================================================================
======== txAdmin starting - 09/05/2021, 19:59:03
================================================================

================================================================
======== txAdmin starting - 09/05/2021, 20:13:42
================================================================

================================================================
======== txAdmin starting - 09/05/2021, 20:29:02
================================================================

================================================================
======== txAdmin starting - 09/05/2021, 20:40:35
================================================================

================================================================
======== txAdmin starting - 09/05/2021, 20:56:58
================================================================

================================================================
======== txAdmin starting - 10/05/2021, 17:49:02
================================================================

================================================================
======== txAdmin starting - 10/05/2021, 18:07:22
================================================================

================================================================
======== txAdmin starting - 10/05/2021, 18:32:23
================================================================

================================================================
======== txAdmin starting - 10/05/2021, 18:33:01
================================================================

================================================================
======== txAdmin starting - 10/05/2021, 18:34:05
================================================================

================================================================
======== txAdmin starting - 10/05/2021, 18:36:57
================================================================

================================================================
======== txAdmin starting - 10/05/2021, 19:27:16
================================================================

================================================================
======== txAdmin starting - 10/05/2021, 19:29:32
================================================================

================================================================
======== txAdmin starting - 10/05/2021, 19:30:40
================================================================

================================================================
======== txAdmin starting - 10/05/2021, 22:13:45
================================================================

================================================================
======== txAdmin starting - 10/05/2021, 22:21:56
================================================================

================================================================
======== txAdmin starting - 10/05/2021, 22:22:45
================================================================

================================================================
======== txAdmin starting - 10/05/2021, 22:23:15
================================================================

================================================================
======== txAdmin starting - 10/05/2021, 22:24:36
================================================================

================================================================
======== txAdmin starting - 10/05/2021, 22:56:14
================================================================

================================================================
======== txAdmin starting - 10/05/2021, 22:59:11
================================================================

================================================================
======== txAdmin starting - 10/05/2021, 23:03:17
================================================================

================================================================
======== txAdmin starting - 11/05/2021, 18:07:11
================================================================

================================================================
======== txAdmin starting - 11/05/2021, 18:13:04
================================================================

================================================================
======== txAdmin starting - 11/05/2021, 18:33:54
================================================================

================================================================
======== txAdmin starting - 11/05/2021, 19:07:43
================================================================

================================================================
======== txAdmin starting - 11/05/2021, 21:04:12
================================================================

================================================================
======== txAdmin starting - 11/05/2021, 21:20:18
================================================================

================================================================
======== txAdmin starting - 11/05/2021, 22:24:04
================================================================

================================================================
======== txAdmin starting - 12/05/2021, 20:13:10
================================================================

================================================================
======== txAdmin starting - 12/05/2021, 21:11:02
================================================================

================================================================
======== txAdmin starting - 12/05/2021, 21:15:07
================================================================

================================================================
======== txAdmin starting - 12/05/2021, 21:16:46
================================================================

================================================================
======== txAdmin starting - 12/05/2021, 21:19:24
================================================================

================================================================
======== txAdmin starting - 12/05/2021, 21:41:22
================================================================

================================================================
======== txAdmin starting - 12/05/2021, 22:12:56
================================================================

================================================================
======== txAdmin starting - 12/05/2021, 23:03:55
================================================================

================================================================
======== txAdmin starting - 13/05/2021, 17:52:05
================================================================
